<?xml version="1.0" encoding="UTF-8"?>
<!-- Generated by org.testng.reporters.JUnitReportReporter -->
<testsuite hostname="DESKTOP-5QPL10C" failures="0" tests="1" name="testRunner.TestRunner" time="58.097" errors="0" timestamp="2023-12-21T11:47:57 IST" skipped="0">
  <testcase classname="testRunner.TestRunner" name="runScenario" time="58.097"/>
  <system-out/>
</testsuite> <!-- testRunner.TestRunner -->
